############ build OSTM 2016 Software         #################
############ ICD MAIN
make[1]: Entering directory `/home/almaproc/ostm/ICD/src'
	SYSTEMErr generated C++ code
	Types generated C++ code
	Console generated C++ code
	DataBase generated C++ code
	Instrument generated C++ code
	Scheduler generated C++ code
	Telescope generated C++ code
	TelescopeControl generated C++ code
	Camera generated C++ code
	Storage generated C++ code
Cleaning up . . . . .
 . . . clean done
make[1]: Leaving directory `/home/almaproc/ostm/ICD/src'
make[1]: Entering directory `/home/almaproc/ostm/ICD/src'
== IDL Compiling for TAO (C++): Storage
processing /home/almaproc/ostm/ICD/src/../idl/Storage.idl
== Dependencies for generated code: ../object/StorageC.d
== Dependencies for generated code: ../object/StorageS.d
== IDL Compiling for TAO (C++): Camera
processing /home/almaproc/ostm/ICD/src/../idl/Camera.idl
== Dependencies for generated code: ../object/CameraC.d
== Dependencies for generated code: ../object/CameraS.d
== IDL Compiling for TAO (C++): TelescopeControl
processing /home/almaproc/ostm/ICD/src/../idl/TelescopeControl.idl
== Dependencies for generated code: ../object/TelescopeControlC.d
== Dependencies for generated code: ../object/TelescopeControlS.d
== IDL Compiling for TAO (C++): Telescope
processing /home/almaproc/ostm/ICD/src/../idl/Telescope.idl
== Dependencies for generated code: ../object/TelescopeC.d
== Dependencies for generated code: ../object/TelescopeS.d
== IDL Compiling for TAO (C++): Scheduler
processing /home/almaproc/ostm/ICD/src/../idl/Scheduler.idl
== Dependencies for generated code: ../object/SchedulerC.d
== Dependencies for generated code: ../object/SchedulerS.d
== IDL Compiling for TAO (C++): Instrument
processing /home/almaproc/ostm/ICD/src/../idl/Instrument.idl
== Dependencies for generated code: ../object/InstrumentC.d
== Dependencies for generated code: ../object/InstrumentS.d
== IDL Compiling for TAO (C++): DataBase
processing /home/almaproc/ostm/ICD/src/../idl/DataBase.idl
== Dependencies for generated code: ../object/DataBaseC.d
== Dependencies for generated code: ../object/DataBaseS.d
== IDL Compiling for TAO (C++): Console
processing /home/almaproc/ostm/ICD/src/../idl/Console.idl
== Dependencies for generated code: ../object/ConsoleC.d
== Dependencies for generated code: ../object/ConsoleS.d
== IDL Compiling for TAO (C++): Types
processing /home/almaproc/ostm/ICD/src/../idl/Types.idl
== Dependencies for generated code: ../object/TypesC.d
== Dependencies for generated code: ../object/TypesS.d
== IDL Compiling for TAO (C++): SYSTEMErr
processing /home/almaproc/ostm/ICD/src/../idl/SYSTEMErr.idl
== Dependencies for generated code: ../object/SYSTEMErrC.d
== Dependencies for generated code: ../object/SYSTEMErrS.d
== Dependencies for generated code: ../object/SYSTEMErr.d
== Dependencies for generated code: ../object/StorageC.d
== Dependencies for generated code: ../object/StorageS.d
== Dependencies for generated code: ../object/CameraC.d
== Dependencies for generated code: ../object/CameraS.d
== Dependencies for generated code: ../object/TelescopeC.d
== Dependencies for generated code: ../object/TelescopeS.d
== Dependencies for generated code: ../object/SchedulerC.d
== Dependencies for generated code: ../object/SchedulerS.d
== Dependencies for generated code: ../object/InstrumentC.d
== Dependencies for generated code: ../object/InstrumentS.d
== Dependencies for generated code: ../object/DataBaseC.d
== Dependencies for generated code: ../object/DataBaseS.d
== Dependencies for generated code: ../object/ConsoleC.d
== Dependencies for generated code: ../object/ConsoleS.d
== checking IDL for Interface Repository ==
2016-08-09T10:52:12.146 INFO [acsstartupLoadIFR] Loading files passed on the command line:  ../idl/SYSTEMErr.idl
2016-08-09T10:52:12.668 INFO [acsstartupLoadIFR] Checking of IDL interfaces in Interface Repository completed OK
== IDL Compiling for OmniOrb (Python): SYSTEMErr
== C++ Compiling generated code: SYSTEMErrS.cpp
== C++ Compiling generated code: SYSTEMErrC.cpp
== Making library: ../lib/libSYSTEMErrStubs.a
== Making library: ../lib/libSYSTEMErrStubs.so
perl: warning: Setting locale failed.
perl: warning: Please check that your locale settings:
	LANGUAGE = (unset),
	LC_ALL = (unset),
	LC_CTYPE = "UTF-8",
	LANG = "en_US.UTF-8"
    are supported and installed on your system.
perl: warning: Falling back to the standard locale ("C").
== C++ Compiling generated code: SYSTEMErr.cpp
== Making library: ../lib/libSYSTEMErr.a
== Making library: ../lib/libSYSTEMErr.so
perl: warning: Setting locale failed.
perl: warning: Please check that your locale settings:
	LANGUAGE = (unset),
	LC_ALL = (unset),
	LC_CTYPE = "UTF-8",
	LANG = "en_US.UTF-8"
    are supported and installed on your system.
perl: warning: Falling back to the standard locale ("C").
== checking IDL for Interface Repository ==
2016-08-09T10:52:18.167 INFO [acsstartupLoadIFR] Loading files passed on the command line:  ../idl/Types.idl
2016-08-09T10:52:18.605 INFO [acsstartupLoadIFR] Checking of IDL interfaces in Interface Repository completed OK
== IDL Compiling for OmniOrb (Python): Types
== (preprocessing) Types
perl: warning: Setting locale failed.
perl: warning: Please check that your locale settings:
	LANGUAGE = (unset),
	LC_ALL = (unset),
	LC_CTYPE = "UTF-8",
	LANG = "en_US.UTF-8"
    are supported and installed on your system.
perl: warning: Falling back to the standard locale ("C").
== IDL Compiling for JacORB (Java): Types 
== IDL Compiling for XmlIdl  (Java): Types
perl: warning: Setting locale failed.
perl: warning: Please check that your locale settings:
	LANGUAGE = (unset),
	LC_ALL = (unset),
	LC_CTYPE = "UTF-8",
	LANG = "en_US.UTF-8"
    are supported and installed on your system.
perl: warning: Falling back to the standard locale ("C").
ACS IDL compilation for /home/almaproc/ostm/ICD/src/../idl/Types.idl
ALMA IDL compiler done, now invoking component helper code generator...
start generating helper classes 
done generating helper classes 
perl: warning: Setting locale failed.
perl: warning: Please check that your locale settings:
	LANGUAGE = (unset),
	LC_ALL = (unset),
	LC_CTYPE = "UTF-8",
	LANG = "en_US.UTF-8"
    are supported and installed on your system.
perl: warning: Falling back to the standard locale ("C").
== Creating jarfile Types from  ../object/Types/src
== C++ Compiling generated code: TypesS.cpp
== C++ Compiling generated code: TypesC.cpp
== Making library: ../lib/libTypesStubs.a
== Making library: ../lib/libTypesStubs.so
perl: warning: Setting locale failed.
perl: warning: Please check that your locale settings:
	LANGUAGE = (unset),
	LC_ALL = (unset),
	LC_CTYPE = "UTF-8",
	LANG = "en_US.UTF-8"
    are supported and installed on your system.
perl: warning: Falling back to the standard locale ("C").
== checking IDL for Interface Repository ==
2016-08-09T10:52:24.403 INFO [acsstartupLoadIFR] Loading files passed on the command line:  ../idl/Console.idl
2016-08-09T10:52:24.981 INFO [acsstartupLoadIFR] Checking of IDL interfaces in Interface Repository completed OK
== IDL Compiling for OmniOrb (Python): Console
== (preprocessing) Console
perl: warning: Setting locale failed.
perl: warning: Please check that your locale settings:
	LANGUAGE = (unset),
	LC_ALL = (unset),
	LC_CTYPE = "UTF-8",
	LANG = "en_US.UTF-8"
    are supported and installed on your system.
perl: warning: Falling back to the standard locale ("C").
== IDL Compiling for JacORB (Java): Console 
== IDL Compiling for XmlIdl  (Java): Console
perl: warning: Setting locale failed.
perl: warning: Please check that your locale settings:
	LANGUAGE = (unset),
	LC_ALL = (unset),
	LC_CTYPE = "UTF-8",
	LANG = "en_US.UTF-8"
    are supported and installed on your system.
perl: warning: Falling back to the standard locale ("C").
ACS IDL compilation for /home/almaproc/ostm/ICD/src/../idl/Console.idl
ALMA IDL compiler done, now invoking component helper code generator...
start generating helper classes 
done generating helper classes 
perl: warning: Setting locale failed.
perl: warning: Please check that your locale settings:
	LANGUAGE = (unset),
	LC_ALL = (unset),
	LC_CTYPE = "UTF-8",
	LANG = "en_US.UTF-8"
    are supported and installed on your system.
perl: warning: Falling back to the standard locale ("C").
== Creating jarfile Console from  ../object/Console/src
== C++ Compiling generated code: ConsoleS.cpp
== C++ Compiling generated code: ConsoleC.cpp
== Making library: ../lib/libConsoleStubs.a
== Making library: ../lib/libConsoleStubs.so
perl: warning: Setting locale failed.
perl: warning: Please check that your locale settings:
	LANGUAGE = (unset),
	LC_ALL = (unset),
	LC_CTYPE = "UTF-8",
	LANG = "en_US.UTF-8"
    are supported and installed on your system.
perl: warning: Falling back to the standard locale ("C").
== checking IDL for Interface Repository ==
2016-08-09T10:52:31.505 INFO [acsstartupLoadIFR] Loading files passed on the command line:  ../idl/DataBase.idl
2016-08-09T10:52:32.070 INFO [acsstartupLoadIFR] Checking of IDL interfaces in Interface Repository completed OK
== IDL Compiling for OmniOrb (Python): DataBase
== (preprocessing) DataBase
perl: warning: Setting locale failed.
perl: warning: Please check that your locale settings:
	LANGUAGE = (unset),
	LC_ALL = (unset),
	LC_CTYPE = "UTF-8",
	LANG = "en_US.UTF-8"
    are supported and installed on your system.
perl: warning: Falling back to the standard locale ("C").
== IDL Compiling for JacORB (Java): DataBase 
== IDL Compiling for XmlIdl  (Java): DataBase
perl: warning: Setting locale failed.
perl: warning: Please check that your locale settings:
	LANGUAGE = (unset),
	LC_ALL = (unset),
	LC_CTYPE = "UTF-8",
	LANG = "en_US.UTF-8"
    are supported and installed on your system.
perl: warning: Falling back to the standard locale ("C").
ACS IDL compilation for /home/almaproc/ostm/ICD/src/../idl/DataBase.idl
ALMA IDL compiler done, now invoking component helper code generator...
start generating helper classes 
done generating helper classes 
perl: warning: Setting locale failed.
perl: warning: Please check that your locale settings:
	LANGUAGE = (unset),
	LC_ALL = (unset),
	LC_CTYPE = "UTF-8",
	LANG = "en_US.UTF-8"
    are supported and installed on your system.
perl: warning: Falling back to the standard locale ("C").
== Creating jarfile DataBase from  ../object/DataBase/src
== C++ Compiling generated code: DataBaseS.cpp
== C++ Compiling generated code: DataBaseC.cpp
== Making library: ../lib/libDataBaseStubs.a
== Making library: ../lib/libDataBaseStubs.so
perl: warning: Setting locale failed.
perl: warning: Please check that your locale settings:
	LANGUAGE = (unset),
	LC_ALL = (unset),
	LC_CTYPE = "UTF-8",
	LANG = "en_US.UTF-8"
    are supported and installed on your system.
perl: warning: Falling back to the standard locale ("C").
== checking IDL for Interface Repository ==
2016-08-09T10:52:38.318 INFO [acsstartupLoadIFR] Loading files passed on the command line:  ../idl/Instrument.idl
2016-08-09T10:52:38.878 INFO [acsstartupLoadIFR] Checking of IDL interfaces in Interface Repository completed OK
== IDL Compiling for OmniOrb (Python): Instrument
== (preprocessing) Instrument
perl: warning: Setting locale failed.
perl: warning: Please check that your locale settings:
	LANGUAGE = (unset),
	LC_ALL = (unset),
	LC_CTYPE = "UTF-8",
	LANG = "en_US.UTF-8"
    are supported and installed on your system.
perl: warning: Falling back to the standard locale ("C").
== IDL Compiling for JacORB (Java): Instrument 
== IDL Compiling for XmlIdl  (Java): Instrument
perl: warning: Setting locale failed.
perl: warning: Please check that your locale settings:
	LANGUAGE = (unset),
	LC_ALL = (unset),
	LC_CTYPE = "UTF-8",
	LANG = "en_US.UTF-8"
    are supported and installed on your system.
perl: warning: Falling back to the standard locale ("C").
ACS IDL compilation for /home/almaproc/ostm/ICD/src/../idl/Instrument.idl
ALMA IDL compiler done, now invoking component helper code generator...
start generating helper classes 
done generating helper classes 
perl: warning: Setting locale failed.
perl: warning: Please check that your locale settings:
	LANGUAGE = (unset),
	LC_ALL = (unset),
	LC_CTYPE = "UTF-8",
	LANG = "en_US.UTF-8"
    are supported and installed on your system.
perl: warning: Falling back to the standard locale ("C").
== Creating jarfile Instrument from  ../object/Instrument/src
== C++ Compiling generated code: InstrumentS.cpp
== C++ Compiling generated code: InstrumentC.cpp
== Making library: ../lib/libInstrumentStubs.a
== Making library: ../lib/libInstrumentStubs.so
perl: warning: Setting locale failed.
perl: warning: Please check that your locale settings:
	LANGUAGE = (unset),
	LC_ALL = (unset),
	LC_CTYPE = "UTF-8",
	LANG = "en_US.UTF-8"
    are supported and installed on your system.
perl: warning: Falling back to the standard locale ("C").
== checking IDL for Interface Repository ==
2016-08-09T10:52:44.858 INFO [acsstartupLoadIFR] Loading files passed on the command line:  ../idl/Scheduler.idl
2016-08-09T10:52:45.387 INFO [acsstartupLoadIFR] Checking of IDL interfaces in Interface Repository completed OK
== IDL Compiling for OmniOrb (Python): Scheduler
== (preprocessing) Scheduler
perl: warning: Setting locale failed.
perl: warning: Please check that your locale settings:
	LANGUAGE = (unset),
	LC_ALL = (unset),
	LC_CTYPE = "UTF-8",
	LANG = "en_US.UTF-8"
    are supported and installed on your system.
perl: warning: Falling back to the standard locale ("C").
== IDL Compiling for JacORB (Java): Scheduler 
== IDL Compiling for XmlIdl  (Java): Scheduler
perl: warning: Setting locale failed.
perl: warning: Please check that your locale settings:
	LANGUAGE = (unset),
	LC_ALL = (unset),
	LC_CTYPE = "UTF-8",
	LANG = "en_US.UTF-8"
    are supported and installed on your system.
perl: warning: Falling back to the standard locale ("C").
ACS IDL compilation for /home/almaproc/ostm/ICD/src/../idl/Scheduler.idl
ALMA IDL compiler done, now invoking component helper code generator...
start generating helper classes 
done generating helper classes 
perl: warning: Setting locale failed.
perl: warning: Please check that your locale settings:
	LANGUAGE = (unset),
	LC_ALL = (unset),
	LC_CTYPE = "UTF-8",
	LANG = "en_US.UTF-8"
    are supported and installed on your system.
perl: warning: Falling back to the standard locale ("C").
== Creating jarfile Scheduler from  ../object/Scheduler/src
== C++ Compiling generated code: SchedulerS.cpp
== C++ Compiling generated code: SchedulerC.cpp
== Making library: ../lib/libSchedulerStubs.a
== Making library: ../lib/libSchedulerStubs.so
perl: warning: Setting locale failed.
perl: warning: Please check that your locale settings:
	LANGUAGE = (unset),
	LC_ALL = (unset),
	LC_CTYPE = "UTF-8",
	LANG = "en_US.UTF-8"
    are supported and installed on your system.
perl: warning: Falling back to the standard locale ("C").
== checking IDL for Interface Repository ==
2016-08-09T10:52:51.405 INFO [acsstartupLoadIFR] Loading files passed on the command line:  ../idl/Telescope.idl
2016-08-09T10:52:51.955 INFO [acsstartupLoadIFR] Checking of IDL interfaces in Interface Repository completed OK
== IDL Compiling for OmniOrb (Python): Telescope
== (preprocessing) Telescope
perl: warning: Setting locale failed.
perl: warning: Please check that your locale settings:
	LANGUAGE = (unset),
	LC_ALL = (unset),
	LC_CTYPE = "UTF-8",
	LANG = "en_US.UTF-8"
    are supported and installed on your system.
perl: warning: Falling back to the standard locale ("C").
== IDL Compiling for JacORB (Java): Telescope 
== IDL Compiling for XmlIdl  (Java): Telescope
perl: warning: Setting locale failed.
perl: warning: Please check that your locale settings:
	LANGUAGE = (unset),
	LC_ALL = (unset),
	LC_CTYPE = "UTF-8",
	LANG = "en_US.UTF-8"
    are supported and installed on your system.
perl: warning: Falling back to the standard locale ("C").
ACS IDL compilation for /home/almaproc/ostm/ICD/src/../idl/Telescope.idl
ALMA IDL compiler done, now invoking component helper code generator...
start generating helper classes 
done generating helper classes 
perl: warning: Setting locale failed.
perl: warning: Please check that your locale settings:
	LANGUAGE = (unset),
	LC_ALL = (unset),
	LC_CTYPE = "UTF-8",
	LANG = "en_US.UTF-8"
    are supported and installed on your system.
perl: warning: Falling back to the standard locale ("C").
== Creating jarfile Telescope from  ../object/Telescope/src
== C++ Compiling generated code: TelescopeS.cpp
== C++ Compiling generated code: TelescopeC.cpp
== Making library: ../lib/libTelescopeStubs.a
== Making library: ../lib/libTelescopeStubs.so
perl: warning: Setting locale failed.
perl: warning: Please check that your locale settings:
	LANGUAGE = (unset),
	LC_ALL = (unset),
	LC_CTYPE = "UTF-8",
	LANG = "en_US.UTF-8"
    are supported and installed on your system.
perl: warning: Falling back to the standard locale ("C").
== checking IDL for Interface Repository ==
2016-08-09T10:52:57.987 INFO [acsstartupLoadIFR] Loading files passed on the command line:  ../idl/TelescopeControl.idl
2016-08-09T10:53:02.298 INFO [acsstartupLoadIFR] Checking of IDL interfaces in Interface Repository completed OK
== IDL Compiling for OmniOrb (Python): TelescopeControl
== (preprocessing) TelescopeControl
perl: warning: Setting locale failed.
perl: warning: Please check that your locale settings:
	LANGUAGE = (unset),
	LC_ALL = (unset),
	LC_CTYPE = "UTF-8",
	LANG = "en_US.UTF-8"
    are supported and installed on your system.
perl: warning: Falling back to the standard locale ("C").
== IDL Compiling for JacORB (Java): TelescopeControl 
== IDL Compiling for XmlIdl  (Java): TelescopeControl
perl: warning: Setting locale failed.
perl: warning: Please check that your locale settings:
	LANGUAGE = (unset),
	LC_ALL = (unset),
	LC_CTYPE = "UTF-8",
	LANG = "en_US.UTF-8"
    are supported and installed on your system.
perl: warning: Falling back to the standard locale ("C").
ACS IDL compilation for /home/almaproc/ostm/ICD/src/../idl/TelescopeControl.idl
ALMA IDL compiler done, now invoking component helper code generator...
start generating helper classes 
done generating helper classes 
perl: warning: Setting locale failed.
perl: warning: Please check that your locale settings:
	LANGUAGE = (unset),
	LC_ALL = (unset),
	LC_CTYPE = "UTF-8",
	LANG = "en_US.UTF-8"
    are supported and installed on your system.
perl: warning: Falling back to the standard locale ("C").
== Creating jarfile TelescopeControl from  ../object/TelescopeControl/src
== C++ Compiling generated code: TelescopeControlS.cpp
== C++ Compiling generated code: TelescopeControlC.cpp
== Making library: ../lib/libTelescopeControlStubs.a
== Making library: ../lib/libTelescopeControlStubs.so
perl: warning: Setting locale failed.
perl: warning: Please check that your locale settings:
	LANGUAGE = (unset),
	LC_ALL = (unset),
	LC_CTYPE = "UTF-8",
	LANG = "en_US.UTF-8"
    are supported and installed on your system.
perl: warning: Falling back to the standard locale ("C").
== checking IDL for Interface Repository ==
2016-08-09T10:53:11.734 INFO [acsstartupLoadIFR] Loading files passed on the command line:  ../idl/Camera.idl
2016-08-09T10:53:16.006 INFO [acsstartupLoadIFR] Checking of IDL interfaces in Interface Repository completed OK
== IDL Compiling for OmniOrb (Python): Camera
== (preprocessing) Camera
perl: warning: Setting locale failed.
perl: warning: Please check that your locale settings:
	LANGUAGE = (unset),
	LC_ALL = (unset),
	LC_CTYPE = "UTF-8",
	LANG = "en_US.UTF-8"
    are supported and installed on your system.
perl: warning: Falling back to the standard locale ("C").
== IDL Compiling for JacORB (Java): Camera 
== IDL Compiling for XmlIdl  (Java): Camera
perl: warning: Setting locale failed.
perl: warning: Please check that your locale settings:
	LANGUAGE = (unset),
	LC_ALL = (unset),
	LC_CTYPE = "UTF-8",
	LANG = "en_US.UTF-8"
    are supported and installed on your system.
perl: warning: Falling back to the standard locale ("C").
ACS IDL compilation for /home/almaproc/ostm/ICD/src/../idl/Camera.idl
ALMA IDL compiler done, now invoking component helper code generator...
start generating helper classes 
done generating helper classes 
perl: warning: Setting locale failed.
perl: warning: Please check that your locale settings:
	LANGUAGE = (unset),
	LC_ALL = (unset),
	LC_CTYPE = "UTF-8",
	LANG = "en_US.UTF-8"
    are supported and installed on your system.
perl: warning: Falling back to the standard locale ("C").
== Creating jarfile Camera from  ../object/Camera/src
== C++ Compiling generated code: CameraS.cpp
== C++ Compiling generated code: CameraC.cpp
== Making library: ../lib/libCameraStubs.a
== Making library: ../lib/libCameraStubs.so
perl: warning: Setting locale failed.
perl: warning: Please check that your locale settings:
	LANGUAGE = (unset),
	LC_ALL = (unset),
	LC_CTYPE = "UTF-8",
	LANG = "en_US.UTF-8"
    are supported and installed on your system.
perl: warning: Falling back to the standard locale ("C").
== checking IDL for Interface Repository ==
2016-08-09T10:53:25.007 INFO [acsstartupLoadIFR] Loading files passed on the command line:  ../idl/Storage.idl
2016-08-09T10:53:25.457 INFO [acsstartupLoadIFR] Checking of IDL interfaces in Interface Repository completed OK
== IDL Compiling for OmniOrb (Python): Storage
== (preprocessing) Storage
perl: warning: Setting locale failed.
perl: warning: Please check that your locale settings:
	LANGUAGE = (unset),
	LC_ALL = (unset),
	LC_CTYPE = "UTF-8",
	LANG = "en_US.UTF-8"
    are supported and installed on your system.
perl: warning: Falling back to the standard locale ("C").
== IDL Compiling for JacORB (Java): Storage 
== IDL Compiling for XmlIdl  (Java): Storage
perl: warning: Setting locale failed.
perl: warning: Please check that your locale settings:
	LANGUAGE = (unset),
	LC_ALL = (unset),
	LC_CTYPE = "UTF-8",
	LANG = "en_US.UTF-8"
    are supported and installed on your system.
perl: warning: Falling back to the standard locale ("C").
ACS IDL compilation for /home/almaproc/ostm/ICD/src/../idl/Storage.idl
ALMA IDL compiler done, now invoking component helper code generator...
start generating helper classes 
done generating helper classes 
perl: warning: Setting locale failed.
perl: warning: Please check that your locale settings:
	LANGUAGE = (unset),
	LC_ALL = (unset),
	LC_CTYPE = "UTF-8",
	LANG = "en_US.UTF-8"
    are supported and installed on your system.
perl: warning: Falling back to the standard locale ("C").
== Creating jarfile Storage from  ../object/Storage/src
== C++ Compiling generated code: StorageS.cpp
== C++ Compiling generated code: StorageC.cpp
== Making library: ../lib/libStorageStubs.a
== Making library: ../lib/libStorageStubs.so
perl: warning: Setting locale failed.
perl: warning: Please check that your locale settings:
	LANGUAGE = (unset),
	LC_ALL = (unset),
	LC_CTYPE = "UTF-8",
	LANG = "en_US.UTF-8"
    are supported and installed on your system.
perl: warning: Falling back to the standard locale ("C").
 . . . 'all' done
make[1]: Leaving directory `/home/almaproc/ostm/ICD/src'
make[1]: Entering directory `/home/almaproc/ostm/ICD/src'
.....xmlerr:
installing XMLERR derived files for SYSTEMErr
SYSTEMErrStubs
Finished installing IDL SYSTEMErr
SYSTEMErr
.....idl:
TypesStubs
Finished installing IDL Types
ConsoleStubs
Finished installing IDL Console
DataBaseStubs
Finished installing IDL DataBase
InstrumentStubs
Finished installing IDL Instrument
SchedulerStubs
Finished installing IDL Scheduler
TelescopeStubs
Finished installing IDL Telescope
TelescopeControlStubs
Finished installing IDL TelescopeControl
CameraStubs
Finished installing IDL Camera
StorageStubs
Finished installing IDL Storage
.....exe:
...other files

 Copying current files 
        from: /home/almaproc/ostm/ICD/src
          to: /home/almaproc/introots/ITS2//Sources/ICD/src
        from: /home/almaproc/ostm/ICD/include
          to: /home/almaproc/introots/ITS2//Sources/ICD/include
                                               . . . done 

 . . . installation done
make[1]: Leaving directory `/home/almaproc/ostm/ICD/src'
############ EXTERNAL/Canon MAIN
make[1]: Entering directory `/home/almaproc/ostm/EXTERNAL/Canon/src'
Cleaning up . . . . .
 . . . clean done
make[1]: Leaving directory `/home/almaproc/ostm/EXTERNAL/Canon/src'
make[1]: Entering directory `/home/almaproc/ostm/EXTERNAL/Canon/src'
== Dependencies C++: ../object/capture.d
== C++ Compiling: capture.cpp
== Making library: ../lib/libCamera.a
== Making library: ../lib/libCamera.so
perl: warning: Setting locale failed.
perl: warning: Please check that your locale settings:
	LANGUAGE = (unset),
	LC_ALL = (unset),
	LC_CTYPE = "UTF-8",
	LANG = "en_US.UTF-8"
    are supported and installed on your system.
perl: warning: Falling back to the standard locale ("C").
 . . . 'all' done
make[1]: Leaving directory `/home/almaproc/ostm/EXTERNAL/Canon/src'
make[1]: Entering directory `/home/almaproc/ostm/EXTERNAL/Canon/src'
.....includes:
	capture.h
.....lib:
Camera
.....exe:
...other files

 Copying current files 
        from: /home/almaproc/ostm/EXTERNAL/Canon/src
          to: /home/almaproc/introots/ITS2//Sources/Canon/src
        from: /home/almaproc/ostm/EXTERNAL/Canon/include
          to: /home/almaproc/introots/ITS2//Sources/Canon/include
                                               . . . done 

 . . . installation done
make[1]: Leaving directory `/home/almaproc/ostm/EXTERNAL/Canon/src'
############ EXTERNAL/Serial MAIN
make[1]: Entering directory `/home/almaproc/ostm/EXTERNAL/Serial/src'
Cleaning up . . . . .
 . . . clean done
make[1]: Leaving directory `/home/almaproc/ostm/EXTERNAL/Serial/src'
make[1]: Entering directory `/home/almaproc/ostm/EXTERNAL/Serial/src'
== Dependencies C++: ../object/SerialRS232.d
== Dependencies C++: ../object/Communication.d
== C++ Compiling: Communication.cpp
== C++ Compiling: SerialRS232.cpp
== Making library: ../lib/libNexstarCom.a
== Making library: ../lib/libNexstarCom.so
perl: warning: Setting locale failed.
perl: warning: Please check that your locale settings:
	LANGUAGE = (unset),
	LC_ALL = (unset),
	LC_CTYPE = "UTF-8",
	LANG = "en_US.UTF-8"
    are supported and installed on your system.
perl: warning: Falling back to the standard locale ("C").
 . . . 'all' done
make[1]: Leaving directory `/home/almaproc/ostm/EXTERNAL/Serial/src'
make[1]: Entering directory `/home/almaproc/ostm/EXTERNAL/Serial/src'
.....includes:
	Communication.h
	SerialRS232.h
.....lib:
NexstarCom
.....exe:
...other files

 Copying current files 
        from: /home/almaproc/ostm/EXTERNAL/Serial/src
          to: /home/almaproc/introots/ITS2//Sources/Serial/src
        from: /home/almaproc/ostm/EXTERNAL/Serial/include
          to: /home/almaproc/introots/ITS2//Sources/Serial/include
                                               . . . done 

 . . . installation done
make[1]: Leaving directory `/home/almaproc/ostm/EXTERNAL/Serial/src'
############ EXTERNAL/Camera MAIN
make[1]: Entering directory `/home/almaproc/ostm/EXTERNAL/Camera/src'
Cleaning up . . . . .
 . . . clean done
make[1]: Leaving directory `/home/almaproc/ostm/EXTERNAL/Camera/src'
make[1]: Entering directory `/home/almaproc/ostm/EXTERNAL/Camera/src'
== Dependencies C++: ../object/CameraImpl.d
== Dependencies C++: ../object/CameraDevIO.d
== C++ Compiling: CameraDevIO.cpp
== C++ Compiling: CameraImpl.cpp
CameraImpl.cpp: In member function 'virtual TYPES::ImageType* CameraImpl::takeImage(const char*, const char*)':
CameraImpl.cpp:74: warning: comparison between signed and unsigned integer expressions
== Making library: ../lib/libCameraImpl.a
== Making library: ../lib/libCameraImpl.so
perl: warning: Setting locale failed.
perl: warning: Please check that your locale settings:
	LANGUAGE = (unset),
	LC_ALL = (unset),
	LC_CTYPE = "UTF-8",
	LANG = "en_US.UTF-8"
    are supported and installed on your system.
perl: warning: Falling back to the standard locale ("C").
 . . . 'all' done
make[1]: Leaving directory `/home/almaproc/ostm/EXTERNAL/Camera/src'
make[1]: Entering directory `/home/almaproc/ostm/EXTERNAL/Camera/src'
...CDB-Schemas:
Camera
.....lib:
CameraImpl
.....exe:
...other files

 Copying current files 
        from: /home/almaproc/ostm/EXTERNAL/Camera/src
          to: /home/almaproc/introots/ITS2//Sources/Camera/src
        from: /home/almaproc/ostm/EXTERNAL/Camera/include
          to: /home/almaproc/introots/ITS2//Sources/Camera/include
                                               . . . done 

 . . . installation done
make[1]: Leaving directory `/home/almaproc/ostm/EXTERNAL/Camera/src'
############ EXTERNAL/Nexstar MAIN
make[1]: Entering directory `/home/almaproc/ostm/EXTERNAL/Nexstar/src'
Cleaning up . . . . .
 . . . clean done
make[1]: Leaving directory `/home/almaproc/ostm/EXTERNAL/Nexstar/src'
make[1]: Entering directory `/home/almaproc/ostm/EXTERNAL/Nexstar/src'
== Dependencies C++: ../object/Mount2RefAltDevIO.d
== Dependencies C++: ../object/Mount2RefAzDevIO.d
== Dependencies C++: ../object/MOUNT2Impl.d
== C++ Compiling: MOUNT2Impl.cpp
MOUNT2Impl.cpp: In member function 'virtual void MOUNT2Impl::setTo(CORBA::Double, CORBA::Double)':
MOUNT2Impl.cpp:157: warning: deprecated conversion from string constant to 'char*'
MOUNT2Impl.cpp: In member function 'virtual void MOUNT2Impl::offSet(CORBA::Double, CORBA::Double)':
MOUNT2Impl.cpp:180: warning: deprecated conversion from string constant to 'char*'
MOUNT2Impl.cpp: In member function 'virtual void MOUNT2Impl::zenith()':
MOUNT2Impl.cpp:191: warning: deprecated conversion from string constant to 'char*'
MOUNT2Impl.cpp: In member function 'virtual void MOUNT2Impl::park()':
MOUNT2Impl.cpp:202: warning: deprecated conversion from string constant to 'char*'
== C++ Compiling: Mount2RefAzDevIO.cpp
Mount2RefAzDevIO.cpp: In member function 'virtual CORBA::Double Mount2RefAzDevIO::read(ACS::Time&)':
Mount2RefAzDevIO.cpp:81: warning: deprecated conversion from string constant to 'char*'
== C++ Compiling: Mount2RefAltDevIO.cpp
Mount2RefAltDevIO.cpp: In member function 'virtual CORBA::Double Mount2RefAltDevIO::read(ACS::Time&)':
Mount2RefAltDevIO.cpp:81: warning: deprecated conversion from string constant to 'char*'
== Making library: ../lib/libMOUNT2.a
== Making library: ../lib/libMOUNT2.so
perl: warning: Setting locale failed.
perl: warning: Please check that your locale settings:
	LANGUAGE = (unset),
	LC_ALL = (unset),
	LC_CTYPE = "UTF-8",
	LANG = "en_US.UTF-8"
    are supported and installed on your system.
perl: warning: Falling back to the standard locale ("C").
 . . . 'all' done
make[1]: Leaving directory `/home/almaproc/ostm/EXTERNAL/Nexstar/src'
make[1]: Entering directory `/home/almaproc/ostm/EXTERNAL/Nexstar/src'
.....includes:
	MOUNT2.h
...CDB-Schemas:
TelescopeControl
.....lib:
MOUNT2
.....exe:
...other files

 Copying current files 
        from: /home/almaproc/ostm/EXTERNAL/Nexstar/src
          to: /home/almaproc/introots/ITS2//Sources/Nexstar/src
        from: /home/almaproc/ostm/EXTERNAL/Nexstar/include
          to: /home/almaproc/introots/ITS2//Sources/Nexstar/include
                                               . . . done 

 . . . installation done
make[1]: Leaving directory `/home/almaproc/ostm/EXTERNAL/Nexstar/src'
############ EXTERNAL/Storage MAIN
make[1]: Entering directory `/home/almaproc/ostm/EXTERNAL/Storage/src'
Cleaning up . . . . .
 . . . clean done
make[1]: Leaving directory `/home/almaproc/ostm/EXTERNAL/Storage/src'
make[1]: Entering directory `/home/almaproc/ostm/EXTERNAL/Storage/src'
cat acswsStartDatabase.sh >acswsStartDatabase 
chmod a+x acswsStartDatabase
== Making script: ../bin/acswsStartDatabase
== Making Jarfile acswsStorage.jar
perl: warning: Setting locale failed.
perl: warning: Please check that your locale settings:
	LANGUAGE = (unset),
	LC_ALL = (unset),
	LC_CTYPE = "UTF-8",
	LANG = "en_US.UTF-8"
    are supported and installed on your system.
perl: warning: Falling back to the standard locale ("C").
Note: acsws/uos/database/HibernateStorage.java uses unchecked or unsafe operations.
Note: Recompile with -Xlint:unchecked for details.
 . . . 'all' done
make[1]: Leaving directory `/home/almaproc/ostm/EXTERNAL/Storage/src'
make[1]: Entering directory `/home/almaproc/ostm/EXTERNAL/Storage/src'
.....script:
	acswsStartDatabase
.....java:
installing jarfile acswsStorage
.....exe:
...other files

 Copying current files 
        from: /home/almaproc/ostm/EXTERNAL/Storage/src
          to: /home/almaproc/introots/ITS2//Sources/Storage/src
        from: /home/almaproc/ostm/EXTERNAL/Storage/include
          to: /home/almaproc/introots/ITS2//Sources/Storage/include
                                               . . . done 

 . . . installation done
make[1]: Leaving directory `/home/almaproc/ostm/EXTERNAL/Storage/src'
############ Console1 MAIN
make[1]: Entering directory `/home/almaproc/ostm/Console1/src'
Cleaning up . . . . .
 . . . clean done
make[1]: Leaving directory `/home/almaproc/ostm/Console1/src'
make[1]: Entering directory `/home/almaproc/ostm/Console1/src'
make[2]: Nothing to be done for `do_all_aux'.
 . . . 'all' done
make[1]: Leaving directory `/home/almaproc/ostm/Console1/src'
make[1]: Entering directory `/home/almaproc/ostm/Console1/src'
.....exe:
...other files

 Copying current files 
        from: /home/almaproc/ostm/Console1/src
          to: /home/almaproc/introots/ITS2//Sources/Console1/src
        from: /home/almaproc/ostm/Console1/include
          to: /home/almaproc/introots/ITS2//Sources/Console1/include
                                               . . . done 

 . . . installation done
make[1]: Leaving directory `/home/almaproc/ostm/Console1/src'
############ Console2 MAIN
make[1]: Entering directory `/home/almaproc/ostm/Console2/src'
Cleaning up . . . . .
 . . . clean done
make[1]: Leaving directory `/home/almaproc/ostm/Console2/src'
make[1]: Entering directory `/home/almaproc/ostm/Console2/src'
make[2]: Nothing to be done for `do_all_aux'.
 . . . 'all' done
make[1]: Leaving directory `/home/almaproc/ostm/Console2/src'
make[1]: Entering directory `/home/almaproc/ostm/Console2/src'
.....exe:
...other files

 Copying current files 
        from: /home/almaproc/ostm/Console2/src
          to: /home/almaproc/introots/ITS2//Sources/Console2/src
        from: /home/almaproc/ostm/Console2/include
          to: /home/almaproc/introots/ITS2//Sources/Console2/include
                                               . . . done 

 . . . installation done
make[1]: Leaving directory `/home/almaproc/ostm/Console2/src'
############ Instrument1 MAIN
make[1]: Entering directory `/home/almaproc/ostm/Instrument1/src'
Cleaning up . . . . .
 . . . clean done
make[1]: Leaving directory `/home/almaproc/ostm/Instrument1/src'
make[1]: Entering directory `/home/almaproc/ostm/Instrument1/src'
make[2]: Nothing to be done for `do_all_aux'.
 . . . 'all' done
make[1]: Leaving directory `/home/almaproc/ostm/Instrument1/src'
make[1]: Entering directory `/home/almaproc/ostm/Instrument1/src'
.....exe:
...other files

 Copying current files 
        from: /home/almaproc/ostm/Instrument1/src
          to: /home/almaproc/introots/ITS2//Sources/Instrument1/src
        from: /home/almaproc/ostm/Instrument1/include
          to: /home/almaproc/introots/ITS2//Sources/Instrument1/include
                                               . . . done 

 . . . installation done
make[1]: Leaving directory `/home/almaproc/ostm/Instrument1/src'
############ Instrument2 MAIN
make[1]: Entering directory `/home/almaproc/ostm/Instrument2/src'
Cleaning up . . . . .
 . . . clean done
make[1]: Leaving directory `/home/almaproc/ostm/Instrument2/src'
make[1]: Entering directory `/home/almaproc/ostm/Instrument2/src'
make[2]: Nothing to be done for `do_all_aux'.
 . . . 'all' done
make[1]: Leaving directory `/home/almaproc/ostm/Instrument2/src'
make[1]: Entering directory `/home/almaproc/ostm/Instrument2/src'
.....exe:
...other files

 Copying current files 
        from: /home/almaproc/ostm/Instrument2/src
          to: /home/almaproc/introots/ITS2//Sources/Instrument2/src
        from: /home/almaproc/ostm/Instrument2/include
          to: /home/almaproc/introots/ITS2//Sources/Instrument2/include
                                               . . . done 

 . . . installation done
make[1]: Leaving directory `/home/almaproc/ostm/Instrument2/src'
############ DataBase1 MAIN
make[1]: Entering directory `/home/almaproc/ostm/DataBase1/src'
Cleaning up . . . . .
 . . . clean done
make[1]: Leaving directory `/home/almaproc/ostm/DataBase1/src'
make[1]: Entering directory `/home/almaproc/ostm/DataBase1/src'
make[2]: Nothing to be done for `do_all_aux'.
 . . . 'all' done
make[1]: Leaving directory `/home/almaproc/ostm/DataBase1/src'
make[1]: Entering directory `/home/almaproc/ostm/DataBase1/src'
.....exe:
...other files

 Copying current files 
        from: /home/almaproc/ostm/DataBase1/src
          to: /home/almaproc/introots/ITS2//Sources/DataBase1/src
        from: /home/almaproc/ostm/DataBase1/include
          to: /home/almaproc/introots/ITS2//Sources/DataBase1/include
                                               . . . done 

 . . . installation done
make[1]: Leaving directory `/home/almaproc/ostm/DataBase1/src'
############ Database2 MAIN
make[1]: Entering directory `/home/almaproc/ostm/Database2/src'
Cleaning up . . . . .
 . . . clean done
make[1]: Leaving directory `/home/almaproc/ostm/Database2/src'
make[1]: Entering directory `/home/almaproc/ostm/Database2/src'
make[2]: Nothing to be done for `do_all_aux'.
 . . . 'all' done
make[1]: Leaving directory `/home/almaproc/ostm/Database2/src'
make[1]: Entering directory `/home/almaproc/ostm/Database2/src'
.....exe:
...other files

 Copying current files 
        from: /home/almaproc/ostm/Database2/src
          to: /home/almaproc/introots/ITS2//Sources/Database2/src
        from: /home/almaproc/ostm/Database2/include
          to: /home/almaproc/introots/ITS2//Sources/Database2/include
                                               . . . done 

 . . . installation done
make[1]: Leaving directory `/home/almaproc/ostm/Database2/src'
############ Scheduler1 MAIN
make[1]: Entering directory `/home/almaproc/ostm/Scheduler1/src'
Cleaning up . . . . .
 . . . clean done
make[1]: Leaving directory `/home/almaproc/ostm/Scheduler1/src'
make[1]: Entering directory `/home/almaproc/ostm/Scheduler1/src'
make[2]: Nothing to be done for `do_all_aux'.
 . . . 'all' done
make[1]: Leaving directory `/home/almaproc/ostm/Scheduler1/src'
make[1]: Entering directory `/home/almaproc/ostm/Scheduler1/src'
.....exe:
...other files

 Copying current files 
        from: /home/almaproc/ostm/Scheduler1/src
          to: /home/almaproc/introots/ITS2//Sources/Scheduler1/src
        from: /home/almaproc/ostm/Scheduler1/include
          to: /home/almaproc/introots/ITS2//Sources/Scheduler1/include
                                               . . . done 

 . . . installation done
make[1]: Leaving directory `/home/almaproc/ostm/Scheduler1/src'
############ Scheduler2 MAIN
make[1]: Entering directory `/home/almaproc/ostm/Scheduler2/src'
Cleaning up . . . . .
 . . . clean done
make[1]: Leaving directory `/home/almaproc/ostm/Scheduler2/src'
make[1]: Entering directory `/home/almaproc/ostm/Scheduler2/src'
make[2]: Nothing to be done for `do_all_aux'.
 . . . 'all' done
make[1]: Leaving directory `/home/almaproc/ostm/Scheduler2/src'
make[1]: Entering directory `/home/almaproc/ostm/Scheduler2/src'
.....exe:
...other files

 Copying current files 
        from: /home/almaproc/ostm/Scheduler2/src
          to: /home/almaproc/introots/ITS2//Sources/Scheduler2/src
        from: /home/almaproc/ostm/Scheduler2/include
          to: /home/almaproc/introots/ITS2//Sources/Scheduler2/include
                                               . . . done 

 . . . installation done
make[1]: Leaving directory `/home/almaproc/ostm/Scheduler2/src'
############ Scheduler3 MAIN
make[1]: Entering directory `/home/almaproc/ostm/Scheduler3/src'
Cleaning up . . . . .
 . . . clean done
make[1]: Leaving directory `/home/almaproc/ostm/Scheduler3/src'
make[1]: Entering directory `/home/almaproc/ostm/Scheduler3/src'
make[2]: Nothing to be done for `do_all_aux'.
 . . . 'all' done
make[1]: Leaving directory `/home/almaproc/ostm/Scheduler3/src'
make[1]: Entering directory `/home/almaproc/ostm/Scheduler3/src'
.....exe:
...other files

 Copying current files 
        from: /home/almaproc/ostm/Scheduler3/src
          to: /home/almaproc/introots/ITS2//Sources/Scheduler3/src
        from: /home/almaproc/ostm/Scheduler3/include
          to: /home/almaproc/introots/ITS2//Sources/Scheduler3/include
                                               . . . done 

 . . . installation done
make[1]: Leaving directory `/home/almaproc/ostm/Scheduler3/src'
############ Telescope1 MAIN
make[1]: Entering directory `/home/almaproc/ostm/Telescope1/src'
Cleaning up . . . . .
 . . . clean done
make[1]: Leaving directory `/home/almaproc/ostm/Telescope1/src'
make[1]: Entering directory `/home/almaproc/ostm/Telescope1/src'
make[2]: Nothing to be done for `do_all_aux'.
 . . . 'all' done
make[1]: Leaving directory `/home/almaproc/ostm/Telescope1/src'
make[1]: Entering directory `/home/almaproc/ostm/Telescope1/src'
.....exe:
...other files

 Copying current files 
        from: /home/almaproc/ostm/Telescope1/src
          to: /home/almaproc/introots/ITS2//Sources/Telescope1/src
        from: /home/almaproc/ostm/Telescope1/include
          to: /home/almaproc/introots/ITS2//Sources/Telescope1/include
                                               . . . done 

 . . . installation done
make[1]: Leaving directory `/home/almaproc/ostm/Telescope1/src'
############ Telescope2 MAIN
make[1]: Entering directory `/home/almaproc/ostm/Telescope2/src'
Cleaning up . . . . .
 . . . clean done
make[1]: Leaving directory `/home/almaproc/ostm/Telescope2/src'
make[1]: Entering directory `/home/almaproc/ostm/Telescope2/src'
make[2]: Nothing to be done for `do_all_aux'.
 . . . 'all' done
make[1]: Leaving directory `/home/almaproc/ostm/Telescope2/src'
make[1]: Entering directory `/home/almaproc/ostm/Telescope2/src'
.....exe:
...other files

 Copying current files 
        from: /home/almaproc/ostm/Telescope2/src
          to: /home/almaproc/introots/ITS2//Sources/Telescope2/src
        from: /home/almaproc/ostm/Telescope2/include
          to: /home/almaproc/introots/ITS2//Sources/Telescope2/include
                                               . . . done 

 . . . installation done
make[1]: Leaving directory `/home/almaproc/ostm/Telescope2/src'
############ Integration MAIN
make[1]: Entering directory `/home/almaproc/ostm/Integration/src'
Cleaning up . . . . .
 . . . clean done
make[1]: Leaving directory `/home/almaproc/ostm/Integration/src'
make[1]: Entering directory `/home/almaproc/ostm/Integration/src'
make[2]: Nothing to be done for `do_all_aux'.
 . . . 'all' done
make[1]: Leaving directory `/home/almaproc/ostm/Integration/src'
make[1]: Entering directory `/home/almaproc/ostm/Integration/src'
.....exe:
...other files

 Copying current files 
        from: /home/almaproc/ostm/Integration/src
          to: /home/almaproc/introots/ITS2//Sources/Integration/src
        from: /home/almaproc/ostm/Integration/include
          to: /home/almaproc/introots/ITS2//Sources/Integration/include
                                               . . . done 

 . . . installation done
make[1]: Leaving directory `/home/almaproc/ostm/Integration/src'
